2015-04-24 18:01:36,282 - Velocimacro : allowInlineLocal = false : VMs defined inline will be  global in scope if allowed.
2015-04-24 18:01:36,282 - Velocimacro : messages on  : VM system will output logging messages
2015-04-24 18:01:36,282 - Velocimacro : autoload off  : VM system will not automatically reload global library macros
2015-04-24 18:01:36,282 - Velocimacro : initialization complete.
2015-04-24 18:01:36,282 - Velocity successfully started.
2015-04-24 18:12:32,404 - SimpleLog4JLogSystem initialized using logfile 'velocity.log'
2015-04-24 18:12:32,404 - ************************************************************** 
2015-04-24 18:12:32,404 - Starting Jakarta Velocity v1.4
2015-04-24 18:12:32,404 - RuntimeInstance initializing.
2015-04-24 18:12:32,405 - Default Properties File: org\apache\velocity\runtime\defaults\velocity.properties
2015-04-24 18:12:32,405 - Trying to use logger class org.apache.velocity.runtime.log.SimpleLog4JLogSystem
2015-04-24 18:12:32,405 - Using logger class org.apache.velocity.runtime.log.SimpleLog4JLogSystem
2015-04-24 18:12:32,410 - Default ResourceManager initializing. (class org.apache.velocity.runtime.resource.ResourceManagerImpl)
2015-04-24 18:12:32,415 - Resource Loader Instantiated: org.apache.velocity.runtime.resource.loader.ClasspathResourceLoader
2015-04-24 18:12:32,415 - ClasspathResourceLoader : initialization starting.
2015-04-24 18:12:32,415 - ClasspathResourceLoader : initialization complete.
2015-04-24 18:12:32,418 - ResourceCache : initialized. (class org.apache.velocity.runtime.resource.ResourceCacheImpl)
2015-04-24 18:12:32,418 - Default ResourceManager initialization complete.
2015-04-24 18:12:32,421 - Loaded System Directive: org.apache.velocity.runtime.directive.Literal
2015-04-24 18:12:32,425 - Loaded System Directive: org.apache.velocity.runtime.directive.Macro
2015-04-24 18:12:32,430 - Loaded System Directive: org.apache.velocity.runtime.directive.Parse
2015-04-24 18:12:32,434 - Loaded System Directive: org.apache.velocity.runtime.directive.Include
2015-04-24 18:12:32,436 - Loaded System Directive: org.apache.velocity.runtime.directive.Foreach
2015-04-24 18:12:32,486 - Created: 20 parsers.
2015-04-24 18:12:32,510 - Velocimacro : initialization starting.
2015-04-24 18:12:32,510 - Velocimacro : adding VMs from VM library template : VM_global_library.vm
2015-04-24 18:12:32,519 - ResourceManager : unable to find resource 'VM_global_library.vm' in any resource loader.
2015-04-24 18:12:32,519 - Velocimacro : error using  VM library template VM_global_library.vm : org.apache.velocity.exception.ResourceNotFoundException: Unable to find resource 'VM_global_library.vm'
2015-04-24 18:12:32,519 - Velocimacro :  VM library template macro registration complete.
2015-04-24 18:12:32,519 - Velocimacro : allowInline = true : VMs can be defined inline in templates
2015-04-24 18:12:32,519 - Velocimacro : allowInlineToOverride = false : VMs defined inline may NOT replace previous VM definitions
2015-04-24 18:12:32,519 - Velocimacro : allowInlineLocal = false : VMs defined inline will be  global in scope if allowed.
2015-04-24 18:12:32,519 - Velocimacro : messages on  : VM system will output logging messages
2015-04-24 18:12:32,519 - Velocimacro : autoload off  : VM system will not automatically reload global library macros
2015-04-24 18:12:32,519 - Velocimacro : initialization complete.
2015-04-24 18:12:32,519 - Velocity successfully started.
2015-04-24 18:15:58,771 - SimpleLog4JLogSystem initialized using logfile 'velocity.log'
2015-04-24 18:15:58,771 - ************************************************************** 
2015-04-24 18:15:58,772 - Starting Jakarta Velocity v1.4
2015-04-24 18:15:58,772 - RuntimeInstance initializing.
2015-04-24 18:15:58,772 - Default Properties File: org\apache\velocity\runtime\defaults\velocity.properties
2015-04-24 18:15:58,772 - Trying to use logger class org.apache.velocity.runtime.log.SimpleLog4JLogSystem
2015-04-24 18:15:58,772 - Using logger class org.apache.velocity.runtime.log.SimpleLog4JLogSystem
2015-04-24 18:15:58,783 - Default ResourceManager initializing. (class org.apache.velocity.runtime.resource.ResourceManagerImpl)
2015-04-24 18:15:58,791 - Resource Loader Instantiated: org.apache.velocity.runtime.resource.loader.ClasspathResourceLoader
2015-04-24 18:15:58,791 - ClasspathResourceLoader : initialization starting.
2015-04-24 18:15:58,791 - ClasspathResourceLoader : initialization complete.
2015-04-24 18:15:58,797 - ResourceCache : initialized. (class org.apache.velocity.runtime.resource.ResourceCacheImpl)
2015-04-24 18:15:58,797 - Default ResourceManager initialization complete.
2015-04-24 18:15:58,804 - Loaded System Directive: org.apache.velocity.runtime.directive.Literal
2015-04-24 18:15:58,809 - Loaded System Directive: org.apache.velocity.runtime.directive.Macro
2015-04-24 18:15:58,817 - Loaded System Directive: org.apache.velocity.runtime.directive.Parse
2015-04-24 18:15:58,822 - Loaded System Directive: org.apache.velocity.runtime.directive.Include
2015-04-24 18:15:58,825 - Loaded System Directive: org.apache.velocity.runtime.directive.Foreach
2015-04-24 18:15:58,891 - Created: 20 parsers.
2015-04-24 18:15:58,916 - Velocimacro : initialization starting.
2015-04-24 18:15:58,917 - Velocimacro : adding VMs from VM library template : VM_global_library.vm
2015-04-24 18:15:58,935 - ResourceManager : unable to find resource 'VM_global_library.vm' in any resource loader.
2015-04-24 18:15:58,935 - Velocimacro : error using  VM library template VM_global_library.vm : org.apache.velocity.exception.ResourceNotFoundException: Unable to find resource 'VM_global_library.vm'
2015-04-24 18:15:58,935 - Velocimacro :  VM library template macro registration complete.
2015-04-24 18:15:58,935 - Velocimacro : allowInline = true : VMs can be defined inline in templates
2015-04-24 18:15:58,936 - Velocimacro : allowInlineToOverride = false : VMs defined inline may NOT replace previous VM definitions
2015-04-24 18:15:58,936 - Velocimacro : allowInlineLocal = false : VMs defined inline will be  global in scope if allowed.
2015-04-24 18:15:58,936 - Velocimacro : messages on  : VM system will output logging messages
2015-04-24 18:15:58,936 - Velocimacro : autoload off  : VM system will not automatically reload global library macros
2015-04-24 18:15:58,936 - Velocimacro : initialization complete.
2015-04-24 18:15:58,936 - Velocity successfully started.
2015-04-24 18:28:06,508 - SimpleLog4JLogSystem initialized using logfile 'velocity.log'
2015-04-24 18:28:06,508 - ************************************************************** 
2015-04-24 18:28:06,508 - Starting Jakarta Velocity v1.4
2015-04-24 18:28:06,508 - RuntimeInstance initializing.
2015-04-24 18:28:06,508 - Default Properties File: org\apache\velocity\runtime\defaults\velocity.properties
2015-04-24 18:28:06,508 - Trying to use logger class org.apache.velocity.runtime.log.SimpleLog4JLogSystem
2015-04-24 18:28:06,508 - Using logger class org.apache.velocity.runtime.log.SimpleLog4JLogSystem
2015-04-24 18:28:06,518 - Default ResourceManager initializing. (class org.apache.velocity.runtime.resource.ResourceManagerImpl)
2015-04-24 18:28:06,526 - Resource Loader Instantiated: org.apache.velocity.runtime.resource.loader.ClasspathResourceLoader
2015-04-24 18:28:06,526 - ClasspathResourceLoader : initialization starting.
2015-04-24 18:28:06,526 - ClasspathResourceLoader : initialization complete.
2015-04-24 18:28:06,531 - ResourceCache : initialized. (class org.apache.velocity.runtime.resource.ResourceCacheImpl)
2015-04-24 18:28:06,531 - Default ResourceManager initialization complete.
2015-04-24 18:28:06,536 - Loaded System Directive: org.apache.velocity.runtime.directive.Literal
2015-04-24 18:28:06,541 - Loaded System Directive: org.apache.velocity.runtime.directive.Macro
2015-04-24 18:28:06,549 - Loaded System Directive: org.apache.velocity.runtime.directive.Parse
2015-04-24 18:28:06,554 - Loaded System Directive: org.apache.velocity.runtime.directive.Include
2015-04-24 18:28:06,556 - Loaded System Directive: org.apache.velocity.runtime.directive.Foreach
2015-04-24 18:28:06,622 - Created: 20 parsers.
2015-04-24 18:28:06,653 - Velocimacro : initialization starting.
2015-04-24 18:28:06,653 - Velocimacro : adding VMs from VM library template : VM_global_library.vm
2015-04-24 18:28:06,670 - ResourceManager : unable to find resource 'VM_global_library.vm' in any resource loader.
2015-04-24 18:28:06,670 - Velocimacro : error using  VM library template VM_global_library.vm : org.apache.velocity.exception.ResourceNotFoundException: Unable to find resource 'VM_global_library.vm'
2015-04-24 18:28:06,670 - Velocimacro :  VM library template macro registration complete.
2015-04-24 18:28:06,670 - Velocimacro : allowInline = true : VMs can be defined inline in templates
2015-04-24 18:28:06,670 - Velocimacro : allowInlineToOverride = false : VMs defined inline may NOT replace previous VM definitions
2015-04-24 18:28:06,671 - Velocimacro : allowInlineLocal = false : VMs defined inline will be  global in scope if allowed.
2015-04-24 18:28:06,671 - Velocimacro : messages on  : VM system will output logging messages
2015-04-24 18:28:06,671 - Velocimacro : autoload off  : VM system will not automatically reload global library macros
2015-04-24 18:28:06,671 - Velocimacro : initialization complete.
2015-04-24 18:28:06,671 - Velocity successfully started.
2015-04-24 18:56:42,745 - SimpleLog4JLogSystem initialized using logfile 'velocity.log'
2015-04-24 18:56:42,746 - ************************************************************** 
2015-04-24 18:56:42,746 - Starting Jakarta Velocity v1.4
2015-04-24 18:56:42,746 - RuntimeInstance initializing.
2015-04-24 18:56:42,746 - Default Properties File: org\apache\velocity\runtime\defaults\velocity.properties
2015-04-24 18:56:42,746 - Trying to use logger class org.apache.velocity.runtime.log.SimpleLog4JLogSystem
2015-04-24 18:56:42,746 - Using logger class org.apache.velocity.runtime.log.SimpleLog4JLogSystem
2015-04-24 18:56:42,759 - Default ResourceManager initializing. (class org.apache.velocity.runtime.resource.ResourceManagerImpl)
2015-04-24 18:56:42,769 - Resource Loader Instantiated: org.apache.velocity.runtime.resource.loader.ClasspathResourceLoader
2015-04-24 18:56:42,769 - ClasspathResourceLoader : initialization starting.
2015-04-24 18:56:42,769 - ClasspathResourceLoader : initialization complete.
2015-04-24 18:56:42,774 - ResourceCache : initialized. (class org.apache.velocity.runtime.resource.ResourceCacheImpl)
2015-04-24 18:56:42,774 - Default ResourceManager initialization complete.
2015-04-24 18:56:42,779 - Loaded System Directive: org.apache.velocity.runtime.directive.Literal
2015-04-24 18:56:42,787 - Loaded System Directive: org.apache.velocity.runtime.directive.Macro
2015-04-24 18:56:42,795 - Loaded System Directive: org.apache.velocity.runtime.directive.Parse
2015-04-24 18:56:42,800 - Loaded System Directive: org.apache.velocity.runtime.directive.Include
2015-04-24 18:56:42,803 - Loaded System Directive: org.apache.velocity.runtime.directive.Foreach
2015-04-24 18:56:42,871 - Created: 20 parsers.
2015-04-24 18:56:42,895 - Velocimacro : initialization starting.
2015-04-24 18:56:42,895 - Velocimacro : adding VMs from VM library template : VM_global_library.vm
2015-04-24 18:56:42,907 - ResourceManager : unable to find resource 'VM_global_library.vm' in any resource loader.
2015-04-24 18:56:42,907 - Velocimacro : error using  VM library template VM_global_library.vm : org.apache.velocity.exception.ResourceNotFoundException: Unable to find resource 'VM_global_library.vm'
2015-04-24 18:56:42,907 - Velocimacro :  VM library template macro registration complete.
2015-04-24 18:56:42,907 - Velocimacro : allowInline = true : VMs can be defined inline in templates
2015-04-24 18:56:42,907 - Velocimacro : allowInlineToOverride = false : VMs defined inline may NOT replace previous VM definitions
2015-04-24 18:56:42,907 - Velocimacro : allowInlineLocal = false : VMs defined inline will be  global in scope if allowed.
2015-04-24 18:56:42,907 - Velocimacro : messages on  : VM system will output logging messages
2015-04-24 18:56:42,907 - Velocimacro : autoload off  : VM system will not automatically reload global library macros
2015-04-24 18:56:42,907 - Velocimacro : initialization complete.
2015-04-24 18:56:42,907 - Velocity successfully started.
2015-04-24 19:15:07,900 - SimpleLog4JLogSystem initialized using logfile 'velocity.log'
2015-04-24 19:15:07,900 - ************************************************************** 
2015-04-24 19:15:07,900 - Starting Jakarta Velocity v1.4
2015-04-24 19:15:07,900 - RuntimeInstance initializing.
2015-04-24 19:15:07,900 - Default Properties File: org\apache\velocity\runtime\defaults\velocity.properties
2015-04-24 19:15:07,900 - Trying to use logger class org.apache.velocity.runtime.log.SimpleLog4JLogSystem
2015-04-24 19:15:07,900 - Using logger class org.apache.velocity.runtime.log.SimpleLog4JLogSystem
2015-04-24 19:15:07,905 - Default ResourceManager initializing. (class org.apache.velocity.runtime.resource.ResourceManagerImpl)
2015-04-24 19:15:07,909 - Resource Loader Instantiated: org.apache.velocity.runtime.resource.loader.ClasspathResourceLoader
2015-04-24 19:15:07,909 - ClasspathResourceLoader : initialization starting.
2015-04-24 19:15:07,910 - ClasspathResourceLoader : initialization complete.
2015-04-24 19:15:07,912 - ResourceCache : initialized. (class org.apache.velocity.runtime.resource.ResourceCacheImpl)
2015-04-24 19:15:07,912 - Default ResourceManager initialization complete.
2015-04-24 19:15:07,915 - Loaded System Directive: org.apache.velocity.runtime.directive.Literal
2015-04-24 19:15:07,918 - Loaded System Directive: org.apache.velocity.runtime.directive.Macro
2015-04-24 19:15:07,921 - Loaded System Directive: org.apache.velocity.runtime.directive.Parse
2015-04-24 19:15:07,924 - Loaded System Directive: org.apache.velocity.runtime.directive.Include
2015-04-24 19:15:07,926 - Loaded System Directive: org.apache.velocity.runtime.directive.Foreach
2015-04-24 19:15:07,965 - Created: 20 parsers.
2015-04-24 19:15:07,986 - Velocimacro : initialization starting.
2015-04-24 19:15:07,986 - Velocimacro : adding VMs from VM library template : VM_global_library.vm
2015-04-24 19:15:07,995 - ResourceManager : unable to find resource 'VM_global_library.vm' in any resource loader.
2015-04-24 19:15:07,995 - Velocimacro : error using  VM library template VM_global_library.vm : org.apache.velocity.exception.ResourceNotFoundException: Unable to find resource 'VM_global_library.vm'
2015-04-24 19:15:07,995 - Velocimacro :  VM library template macro registration complete.
2015-04-24 19:15:07,995 - Velocimacro : allowInline = true : VMs can be defined inline in templates
2015-04-24 19:15:07,995 - Velocimacro : allowInlineToOverride = false : VMs defined inline may NOT replace previous VM definitions
2015-04-24 19:15:07,995 - Velocimacro : allowInlineLocal = false : VMs defined inline will be  global in scope if allowed.
2015-04-24 19:15:07,995 - Velocimacro : messages on  : VM system will output logging messages
2015-04-24 19:15:07,995 - Velocimacro : autoload off  : VM system will not automatically reload global library macros
2015-04-24 19:15:07,995 - Velocimacro : initialization complete.
2015-04-24 19:15:07,995 - Velocity successfully started.
2015-04-24 19:43:28,313 - SimpleLog4JLogSystem initialized using logfile 'velocity.log'
2015-04-24 19:43:28,313 - ************************************************************** 
2015-04-24 19:43:28,313 - Starting Jakarta Velocity v1.4
2015-04-24 19:43:28,313 - RuntimeInstance initializing.
2015-04-24 19:43:28,313 - Default Properties File: org\apache\velocity\runtime\defaults\velocity.properties
2015-04-24 19:43:28,313 - Trying to use logger class org.apache.velocity.runtime.log.SimpleLog4JLogSystem
2015-04-24 19:43:28,313 - Using logger class org.apache.velocity.runtime.log.SimpleLog4JLogSystem
2015-04-24 19:43:28,321 - Default ResourceManager initializing. (class org.apache.velocity.runtime.resource.ResourceManagerImpl)
2015-04-24 19:43:28,327 - Resource Loader Instantiated: org.apache.velocity.runtime.resource.loader.ClasspathResourceLoader
2015-04-24 19:43:28,327 - ClasspathResourceLoader : initialization starting.
2015-04-24 19:43:28,327 - ClasspathResourceLoader : initialization complete.
2015-04-24 19:43:28,330 - ResourceCache : initialized. (class org.apache.velocity.runtime.resource.ResourceCacheImpl)
2015-04-24 19:43:28,330 - Default ResourceManager initialization complete.
2015-04-24 19:43:28,335 - Loaded System Directive: org.apache.velocity.runtime.directive.Literal
2015-04-24 19:43:28,339 - Loaded System Directive: org.apache.velocity.runtime.directive.Macro
2015-04-24 19:43:28,344 - Loaded System Directive: org.apache.velocity.runtime.directive.Parse
2015-04-24 19:43:28,347 - Loaded System Directive: org.apache.velocity.runtime.directive.Include
2015-04-24 19:43:28,350 - Loaded System Directive: org.apache.velocity.runtime.directive.Foreach
2015-04-24 19:43:28,389 - Created: 20 parsers.
2015-04-24 19:43:28,415 - Velocimacro : initialization starting.
2015-04-24 19:43:28,415 - Velocimacro : adding VMs from VM library template : VM_global_library.vm
2015-04-24 19:43:28,421 - ResourceManager : unable to find resource 'VM_global_library.vm' in any resource loader.
2015-04-24 19:43:28,421 - Velocimacro : error using  VM library template VM_global_library.vm : org.apache.velocity.exception.ResourceNotFoundException: Unable to find resource 'VM_global_library.vm'
2015-04-24 19:43:28,421 - Velocimacro :  VM library template macro registration complete.
2015-04-24 19:43:28,421 - Velocimacro : allowInline = true : VMs can be defined inline in templates
2015-04-24 19:43:28,421 - Velocimacro : allowInlineToOverride = false : VMs defined inline may NOT replace previous VM definitions
2015-04-24 19:43:28,421 - Velocimacro : allowInlineLocal = false : VMs defined inline will be  global in scope if allowed.
2015-04-24 19:43:28,421 - Velocimacro : messages on  : VM system will output logging messages
2015-04-24 19:43:28,421 - Velocimacro : autoload off  : VM system will not automatically reload global library macros
2015-04-24 19:43:28,421 - Velocimacro : initialization complete.
2015-04-24 19:43:28,421 - Velocity successfully started.
2015-04-24 19:44:33,205 - SimpleLog4JLogSystem initialized using logfile 'velocity.log'
2015-04-24 19:44:33,206 - ************************************************************** 
2015-04-24 19:44:33,206 - Starting Jakarta Velocity v1.4
2015-04-24 19:44:33,206 - RuntimeInstance initializing.
2015-04-24 19:44:33,206 - Default Properties File: org\apache\velocity\runtime\defaults\velocity.properties
2015-04-24 19:44:33,206 - Trying to use logger class org.apache.velocity.runtime.log.SimpleLog4JLogSystem
2015-04-24 19:44:33,206 - Using logger class org.apache.velocity.runtime.log.SimpleLog4JLogSystem
2015-04-24 19:44:33,212 - Default ResourceManager initializing. (class org.apache.velocity.runtime.resource.ResourceManagerImpl)
2015-04-24 19:44:33,217 - Resource Loader Instantiated: org.apache.velocity.runtime.resource.loader.ClasspathResourceLoader
2015-04-24 19:44:33,217 - ClasspathResourceLoader : initialization starting.
2015-04-24 19:44:33,217 - ClasspathResourceLoader : initialization complete.
2015-04-24 19:44:33,220 - ResourceCache : initialized. (class org.apache.velocity.runtime.resource.ResourceCacheImpl)
2015-04-24 19:44:33,220 - Default ResourceManager initialization complete.
2015-04-24 19:44:33,222 - Loaded System Directive: org.apache.velocity.runtime.directive.Literal
2015-04-24 19:44:33,225 - Loaded System Directive: org.apache.velocity.runtime.directive.Macro
2015-04-24 19:44:33,229 - Loaded System Directive: org.apache.velocity.runtime.directive.Parse
2015-04-24 19:44:33,232 - Loaded System Directive: org.apache.velocity.runtime.directive.Include
2015-04-24 19:44:33,233 - Loaded System Directive: org.apache.velocity.runtime.directive.Foreach
2015-04-24 19:44:33,265 - Created: 20 parsers.
2015-04-24 19:44:33,283 - Velocimacro : initialization starting.
2015-04-24 19:44:33,283 - Velocimacro : adding VMs from VM library template : VM_global_library.vm
2015-04-24 19:44:33,288 - ResourceManager : unable to find resource 'VM_global_library.vm' in any resource loader.
2015-04-24 19:44:33,288 - Velocimacro : error using  VM library template VM_global_library.vm : org.apache.velocity.exception.ResourceNotFoundException: Unable to find resource 'VM_global_library.vm'
2015-04-24 19:44:33,288 - Velocimacro :  VM library template macro registration complete.
2015-04-24 19:44:33,288 - Velocimacro : allowInline = true : VMs can be defined inline in templates
2015-04-24 19:44:33,288 - Velocimacro : allowInlineToOverride = false : VMs defined inline may NOT replace previous VM definitions
2015-04-24 19:44:33,288 - Velocimacro : allowInlineLocal = false : VMs defined inline will be  global in scope if allowed.
2015-04-24 19:44:33,288 - Velocimacro : messages on  : VM system will output logging messages
2015-04-24 19:44:33,288 - Velocimacro : autoload off  : VM system will not automatically reload global library macros
2015-04-24 19:44:33,288 - Velocimacro : initialization complete.
2015-04-24 19:44:33,288 - Velocity successfully started.
2015-04-24 19:45:13,847 - SimpleLog4JLogSystem initialized using logfile 'velocity.log'
2015-04-24 19:45:13,847 - ************************************************************** 
2015-04-24 19:45:13,847 - Starting Jakarta Velocity v1.4
2015-04-24 19:45:13,847 - RuntimeInstance initializing.
2015-04-24 19:45:13,847 - Default Properties File: org\apache\velocity\runtime\defaults\velocity.properties
2015-04-24 19:45:13,847 - Trying to use logger class org.apache.velocity.runtime.log.SimpleLog4JLogSystem
2015-04-24 19:45:13,847 - Using logger class org.apache.velocity.runtime.log.SimpleLog4JLogSystem
2015-04-24 19:45:13,856 - Default ResourceManager initializing. (class org.apache.velocity.runtime.resource.ResourceManagerImpl)
2015-04-24 19:45:13,863 - Resource Loader Instantiated: org.apache.velocity.runtime.resource.loader.ClasspathResourceLoader
2015-04-24 19:45:13,863 - ClasspathResourceLoader : initialization starting.
2015-04-24 19:45:13,863 - ClasspathResourceLoader : initialization complete.
2015-04-24 19:45:13,868 - ResourceCache : initialized. (class org.apache.velocity.runtime.resource.ResourceCacheImpl)
2015-04-24 19:45:13,868 - Default ResourceManager initialization complete.
2015-04-24 19:45:13,872 - Loaded System Directive: org.apache.velocity.runtime.directive.Literal
2015-04-24 19:45:13,877 - Loaded System Directive: org.apache.velocity.runtime.directive.Macro
2015-04-24 19:45:13,885 - Loaded System Directive: org.apache.velocity.runtime.directive.Parse
2015-04-24 19:45:13,890 - Loaded System Directive: org.apache.velocity.runtime.directive.Include
2015-04-24 19:45:13,893 - Loaded System Directive: org.apache.velocity.runtime.directive.Foreach
2015-04-24 19:45:13,951 - Created: 20 parsers.
2015-04-24 19:45:13,974 - Velocimacro : initialization starting.
2015-04-24 19:45:13,974 - Velocimacro : adding VMs from VM library template : VM_global_library.vm
2015-04-24 19:45:13,985 - ResourceManager : unable to find resource 'VM_global_library.vm' in any resource loader.
2015-04-24 19:45:13,985 - Velocimacro : error using  VM library template VM_global_library.vm : org.apache.velocity.exception.ResourceNotFoundException: Unable to find resource 'VM_global_library.vm'
2015-04-24 19:45:13,985 - Velocimacro :  VM library template macro registration complete.
2015-04-24 19:45:13,985 - Velocimacro : allowInline = true : VMs can be defined inline in templates
2015-04-24 19:45:13,985 - Velocimacro : allowInlineToOverride = false : VMs defined inline may NOT replace previous VM definitions
2015-04-24 19:45:13,985 - Velocimacro : allowInlineLocal = false : VMs defined inline will be  global in scope if allowed.
2015-04-24 19:45:13,985 - Velocimacro : messages on  : VM system will output logging messages
2015-04-24 19:45:13,985 - Velocimacro : autoload off  : VM system will not automatically reload global library macros
2015-04-24 19:45:13,985 - Velocimacro : initialization complete.
2015-04-24 19:45:13,985 - Velocity successfully started.
2015-04-24 20:06:14,757 - SimpleLog4JLogSystem initialized using logfile 'velocity.log'
2015-04-24 20:06:14,757 - ************************************************************** 
2015-04-24 20:06:14,757 - Starting Jakarta Velocity v1.4
2015-04-24 20:06:14,757 - RuntimeInstance initializing.
2015-04-24 20:06:14,757 - Default Properties File: org\apache\velocity\runtime\defaults\velocity.properties
2015-04-24 20:06:14,757 - Trying to use logger class org.apache.velocity.runtime.log.SimpleLog4JLogSystem
2015-04-24 20:06:14,757 - Using logger class org.apache.velocity.runtime.log.SimpleLog4JLogSystem
2015-04-24 20:06:14,762 - Default ResourceManager initializing. (class org.apache.velocity.runtime.resource.ResourceManagerImpl)
2015-04-24 20:06:14,767 - Resource Loader Instantiated: org.apache.velocity.runtime.resource.loader.ClasspathResourceLoader
2015-04-24 20:06:14,767 - ClasspathResourceLoader : initialization starting.
2015-04-24 20:06:14,767 - ClasspathResourceLoader : initialization complete.
2015-04-24 20:06:14,770 - ResourceCache : initialized. (class org.apache.velocity.runtime.resource.ResourceCacheImpl)
2015-04-24 20:06:14,770 - Default ResourceManager initialization complete.
2015-04-24 20:06:14,775 - Loaded System Directive: org.apache.velocity.runtime.directive.Literal
2015-04-24 20:06:14,779 - Loaded System Directive: org.apache.velocity.runtime.directive.Macro
2015-04-24 20:06:14,784 - Loaded System Directive: org.apache.velocity.runtime.directive.Parse
2015-04-24 20:06:14,787 - Loaded System Directive: org.apache.velocity.runtime.directive.Include
2015-04-24 20:06:14,790 - Loaded System Directive: org.apache.velocity.runtime.directive.Foreach
2015-04-24 20:06:14,823 - Created: 20 parsers.
2015-04-24 20:06:14,842 - Velocimacro : initialization starting.
2015-04-24 20:06:14,842 - Velocimacro : adding VMs from VM library template : VM_global_library.vm
2015-04-24 20:06:14,847 - ResourceManager : unable to find resource 'VM_global_library.vm' in any resource loader.
2015-04-24 20:06:14,848 - Velocimacro : error using  VM library template VM_global_library.vm : org.apache.velocity.exception.ResourceNotFoundException: Unable to find resource 'VM_global_library.vm'
2015-04-24 20:06:14,848 - Velocimacro :  VM library template macro registration complete.
2015-04-24 20:06:14,848 - Velocimacro : allowInline = true : VMs can be defined inline in templates
2015-04-24 20:06:14,848 - Velocimacro : allowInlineToOverride = false : VMs defined inline may NOT replace previous VM definitions
2015-04-24 20:06:14,848 - Velocimacro : allowInlineLocal = false : VMs defined inline will be  global in scope if allowed.
2015-04-24 20:06:14,848 - Velocimacro : messages on  : VM system will output logging messages
2015-04-24 20:06:14,848 - Velocimacro : autoload off  : VM system will not automatically reload global library macros
2015-04-24 20:06:14,848 - Velocimacro : initialization complete.
2015-04-24 20:06:14,848 - Velocity successfully started.
2015-04-24 20:15:05,817 - SimpleLog4JLogSystem initialized using logfile 'velocity.log'
2015-04-24 20:15:05,818 - ************************************************************** 
2015-04-24 20:15:05,818 - Starting Jakarta Velocity v1.4
2015-04-24 20:15:05,818 - RuntimeInstance initializing.
2015-04-24 20:15:05,818 - Default Properties File: org\apache\velocity\runtime\defaults\velocity.properties
2015-04-24 20:15:05,818 - Trying to use logger class org.apache.velocity.runtime.log.SimpleLog4JLogSystem
2015-04-24 20:15:05,818 - Using logger class org.apache.velocity.runtime.log.SimpleLog4JLogSystem
2015-04-24 20:15:05,822 - Default ResourceManager initializing. (class org.apache.velocity.runtime.resource.ResourceManagerImpl)
2015-04-24 20:15:05,827 - Resource Loader Instantiated: org.apache.velocity.runtime.resource.loader.ClasspathResourceLoader
2015-04-24 20:15:05,827 - ClasspathResourceLoader : initialization starting.
2015-04-24 20:15:05,827 - ClasspathResourceLoader : initialization complete.
2015-04-24 20:15:05,830 - ResourceCache : initialized. (class org.apache.velocity.runtime.resource.ResourceCacheImpl)
2015-04-24 20:15:05,830 - Default ResourceManager initialization complete.
2015-04-24 20:15:05,833 - Loaded System Directive: org.apache.velocity.runtime.directive.Literal
2015-04-24 20:15:05,835 - Loaded System Directive: org.apache.velocity.runtime.directive.Macro
2015-04-24 20:15:05,840 - Loaded System Directive: org.apache.velocity.runtime.directive.Parse
2015-04-24 20:15:05,843 - Loaded System Directive: org.apache.velocity.runtime.directive.Include
2015-04-24 20:15:05,844 - Loaded System Directive: org.apache.velocity.runtime.directive.Foreach
2015-04-24 20:15:05,886 - Created: 20 parsers.
2015-04-24 20:15:05,906 - Velocimacro : initialization starting.
2015-04-24 20:15:05,906 - Velocimacro : adding VMs from VM library template : VM_global_library.vm
2015-04-24 20:15:05,912 - ResourceManager : unable to find resource 'VM_global_library.vm' in any resource loader.
2015-04-24 20:15:05,912 - Velocimacro : error using  VM library template VM_global_library.vm : org.apache.velocity.exception.ResourceNotFoundException: Unable to find resource 'VM_global_library.vm'
2015-04-24 20:15:05,912 - Velocimacro :  VM library template macro registration complete.
2015-04-24 20:15:05,912 - Velocimacro : allowInline = true : VMs can be defined inline in templates
2015-04-24 20:15:05,912 - Velocimacro : allowInlineToOverride = false : VMs defined inline may NOT replace previous VM definitions
2015-04-24 20:15:05,912 - Velocimacro : allowInlineLocal = false : VMs defined inline will be  global in scope if allowed.
2015-04-24 20:15:05,912 - Velocimacro : messages on  : VM system will output logging messages
2015-04-24 20:15:05,912 - Velocimacro : autoload off  : VM system will not automatically reload global library macros
2015-04-24 20:15:05,912 - Velocimacro : initialization complete.
2015-04-24 20:15:05,912 - Velocity successfully started.
2015-04-24 20:15:47,839 - SimpleLog4JLogSystem initialized using logfile 'velocity.log'
2015-04-24 20:15:47,839 - ************************************************************** 
2015-04-24 20:15:47,839 - Starting Jakarta Velocity v1.4
2015-04-24 20:15:47,839 - RuntimeInstance initializing.
2015-04-24 20:15:47,839 - Default Properties File: org\apache\velocity\runtime\defaults\velocity.properties
2015-04-24 20:15:47,839 - Trying to use logger class org.apache.velocity.runtime.log.SimpleLog4JLogSystem
2015-04-24 20:15:47,839 - Using logger class org.apache.velocity.runtime.log.SimpleLog4JLogSystem
2015-04-24 20:15:47,845 - Default ResourceManager initializing. (class org.apache.velocity.runtime.resource.ResourceManagerImpl)
2015-04-24 20:15:47,849 - Resource Loader Instantiated: org.apache.velocity.runtime.resource.loader.ClasspathResourceLoader
2015-04-24 20:15:47,849 - ClasspathResourceLoader : initialization starting.
2015-04-24 20:15:47,849 - ClasspathResourceLoader : initialization complete.
2015-04-24 20:15:47,852 - ResourceCache : initialized. (class org.apache.velocity.runtime.resource.ResourceCacheImpl)
2015-04-24 20:15:47,852 - Default ResourceManager initialization complete.
2015-04-24 20:15:47,854 - Loaded System Directive: org.apache.velocity.runtime.directive.Literal
2015-04-24 20:15:47,858 - Loaded System Directive: org.apache.velocity.runtime.directive.Macro
2015-04-24 20:15:47,863 - Loaded System Directive: org.apache.velocity.runtime.directive.Parse
2015-04-24 20:15:47,865 - Loaded System Directive: org.apache.velocity.runtime.directive.Include
2015-04-24 20:15:47,867 - Loaded System Directive: org.apache.velocity.runtime.directive.Foreach
2015-04-24 20:15:47,901 - Created: 20 parsers.
2015-04-24 20:15:47,921 - Velocimacro : initialization starting.
2015-04-24 20:15:47,921 - Velocimacro : adding VMs from VM library template : VM_global_library.vm
2015-04-24 20:15:47,927 - ResourceManager : unable to find resource 'VM_global_library.vm' in any resource loader.
2015-04-24 20:15:47,927 - Velocimacro : error using  VM library template VM_global_library.vm : org.apache.velocity.exception.ResourceNotFoundException: Unable to find resource 'VM_global_library.vm'
2015-04-24 20:15:47,927 - Velocimacro :  VM library template macro registration complete.
2015-04-24 20:15:47,927 - Velocimacro : allowInline = true : VMs can be defined inline in templates
2015-04-24 20:15:47,927 - Velocimacro : allowInlineToOverride = false : VMs defined inline may NOT replace previous VM definitions
2015-04-24 20:15:47,927 - Velocimacro : allowInlineLocal = false : VMs defined inline will be  global in scope if allowed.
2015-04-24 20:15:47,927 - Velocimacro : messages on  : VM system will output logging messages
2015-04-24 20:15:47,928 - Velocimacro : autoload off  : VM system will not automatically reload global library macros
2015-04-24 20:15:47,928 - Velocimacro : initialization complete.
2015-04-24 20:15:47,928 - Velocity successfully started.
2015-04-24 20:48:22,295 - SimpleLog4JLogSystem initialized using logfile 'velocity.log'
2015-04-24 20:48:22,296 - ************************************************************** 
2015-04-24 20:48:22,296 - Starting Jakarta Velocity v1.4
2015-04-24 20:48:22,296 - RuntimeInstance initializing.
2015-04-24 20:48:22,296 - Default Properties File: org\apache\velocity\runtime\defaults\velocity.properties
2015-04-24 20:48:22,296 - Trying to use logger class org.apache.velocity.runtime.log.SimpleLog4JLogSystem
2015-04-24 20:48:22,296 - Using logger class org.apache.velocity.runtime.log.SimpleLog4JLogSystem
2015-04-24 20:48:22,301 - Default ResourceManager initializing. (class org.apache.velocity.runtime.resource.ResourceManagerImpl)
2015-04-24 20:48:22,306 - Resource Loader Instantiated: org.apache.velocity.runtime.resource.loader.ClasspathResourceLoader
2015-04-24 20:48:22,306 - ClasspathResourceLoader : initialization starting.
2015-04-24 20:48:22,306 - ClasspathResourceLoader : initialization complete.
2015-04-24 20:48:22,310 - ResourceCache : initialized. (class org.apache.velocity.runtime.resource.ResourceCacheImpl)
2015-04-24 20:48:22,310 - Default ResourceManager initialization complete.
2015-04-24 20:48:22,315 - Loaded System Directive: org.apache.velocity.runtime.directive.Literal
2015-04-24 20:48:22,321 - Loaded System Directive: org.apache.velocity.runtime.directive.Macro
2015-04-24 20:48:22,326 - Loaded System Directive: org.apache.velocity.runtime.directive.Parse
2015-04-24 20:48:22,329 - Loaded System Directive: org.apache.velocity.runtime.directive.Include
2015-04-24 20:48:22,330 - Loaded System Directive: org.apache.velocity.runtime.directive.Foreach
2015-04-24 20:48:22,364 - Created: 20 parsers.
2015-04-24 20:48:22,382 - Velocimacro : initialization starting.
2015-04-24 20:48:22,382 - Velocimacro : adding VMs from VM library template : VM_global_library.vm
2015-04-24 20:48:22,388 - ResourceManager : unable to find resource 'VM_global_library.vm' in any resource loader.
2015-04-24 20:48:22,388 - Velocimacro : error using  VM library template VM_global_library.vm : org.apache.velocity.exception.ResourceNotFoundException: Unable to find resource 'VM_global_library.vm'
2015-04-24 20:48:22,389 - Velocimacro :  VM library template macro registration complete.
2015-04-24 20:48:22,389 - Velocimacro : allowInline = true : VMs can be defined inline in templates
2015-04-24 20:48:22,389 - Velocimacro : allowInlineToOverride = false : VMs defined inline may NOT replace previous VM definitions
2015-04-24 20:48:22,389 - Velocimacro : allowInlineLocal = false : VMs defined inline will be  global in scope if allowed.
2015-04-24 20:48:22,389 - Velocimacro : messages on  : VM system will output logging messages
2015-04-24 20:48:22,389 - Velocimacro : autoload off  : VM system will not automatically reload global library macros
2015-04-24 20:48:22,389 - Velocimacro : initialization complete.
2015-04-24 20:48:22,389 - Velocity successfully started.
2015-04-24 20:48:47,034 - SimpleLog4JLogSystem initialized using logfile 'velocity.log'
2015-04-24 20:48:47,034 - ************************************************************** 
2015-04-24 20:48:47,034 - Starting Jakarta Velocity v1.4
2015-04-24 20:48:47,034 - RuntimeInstance initializing.
2015-04-24 20:48:47,034 - Default Properties File: org\apache\velocity\runtime\defaults\velocity.properties
2015-04-24 20:48:47,034 - Trying to use logger class org.apache.velocity.runtime.log.SimpleLog4JLogSystem
2015-04-24 20:48:47,034 - Using logger class org.apache.velocity.runtime.log.SimpleLog4JLogSystem
2015-04-24 20:48:47,040 - Default ResourceManager initializing. (class org.apache.velocity.runtime.resource.ResourceManagerImpl)
2015-04-24 20:48:47,045 - Resource Loader Instantiated: org.apache.velocity.runtime.resource.loader.ClasspathResourceLoader
2015-04-24 20:48:47,045 - ClasspathResourceLoader : initialization starting.
2015-04-24 20:48:47,045 - ClasspathResourceLoader : initialization complete.
2015-04-24 20:48:47,048 - ResourceCache : initialized. (class org.apache.velocity.runtime.resource.ResourceCacheImpl)
2015-04-24 20:48:47,048 - Default ResourceManager initialization complete.
2015-04-24 20:48:47,052 - Loaded System Directive: org.apache.velocity.runtime.directive.Literal
2015-04-24 20:48:47,055 - Loaded System Directive: org.apache.velocity.runtime.directive.Macro
2015-04-24 20:48:47,060 - Loaded System Directive: org.apache.velocity.runtime.directive.Parse
2015-04-24 20:48:47,064 - Loaded System Directive: org.apache.velocity.runtime.directive.Include
2015-04-24 20:48:47,066 - Loaded System Directive: org.apache.velocity.runtime.directive.Foreach
2015-04-24 20:48:47,104 - Created: 20 parsers.
2015-04-24 20:48:47,122 - Velocimacro : initialization starting.
2015-04-24 20:48:47,122 - Velocimacro : adding VMs from VM library template : VM_global_library.vm
2015-04-24 20:48:47,128 - ResourceManager : unable to find resource 'VM_global_library.vm' in any resource loader.
2015-04-24 20:48:47,128 - Velocimacro : error using  VM library template VM_global_library.vm : org.apache.velocity.exception.ResourceNotFoundException: Unable to find resource 'VM_global_library.vm'
2015-04-24 20:48:47,128 - Velocimacro :  VM library template macro registration complete.
2015-04-24 20:48:47,128 - Velocimacro : allowInline = true : VMs can be defined inline in templates
2015-04-24 20:48:47,128 - Velocimacro : allowInlineToOverride = false : VMs defined inline may NOT replace previous VM definitions
2015-04-24 20:48:47,128 - Velocimacro : allowInlineLocal = false : VMs defined inline will be  global in scope if allowed.
2015-04-24 20:48:47,128 - Velocimacro : messages on  : VM system will output logging messages
2015-04-24 20:48:47,128 - Velocimacro : autoload off  : VM system will not automatically reload global library macros
2015-04-24 20:48:47,128 - Velocimacro : initialization complete.
2015-04-24 20:48:47,128 - Velocity successfully started.
